[debug] > Exec(sbtStashOnFailure, None, None)
[debug] > Exec(sbtMapExec 5 __b8b4aea4-46a1-4507-a881-477fff671edc, None, None)
[debug] > Exec(bspBuildTargetDependencySources file:/home/vitalis/type_directedPR/#td/Compile file:/home/vitalis/type_directedPR/#td/Test, Some(__b8b4aea4-46a1-4507-a881-477fff671edc), Some(CommandSource(network-11)))
[debug] jsonRpcNotify: JsonRpcNotificationMessage(2.0, build/logMessage, {"type":4,"message":"Processing"})
[debug] Evaluating tasks: bspBuildTargetDependencySources
[debug] Running task... Cancel: Signal, check cycles: false, forcegc: true
[error] java.net.SocketException: Network is unreachable (connect failed)
[error] 	at java.base/java.net.PlainSocketImpl.socketConnect(Native Method)
[error] 	at java.base/java.net.AbstractPlainSocketImpl.doConnect(AbstractPlainSocketImpl.java:399)
[error] 	at java.base/java.net.AbstractPlainSocketImpl.connectToAddress(AbstractPlainSocketImpl.java:242)
[error] 	at java.base/java.net.AbstractPlainSocketImpl.connect(AbstractPlainSocketImpl.java:224)
[error] 	at java.base/java.net.SocksSocketImpl.connect(SocksSocketImpl.java:403)
[error] 	at java.base/java.net.Socket.connect(Socket.java:609)
[error] 	at java.base/sun.security.ssl.SSLSocketImpl.connect(SSLSocketImpl.java:289)
[error] 	at java.base/sun.security.ssl.BaseSSLSocketImpl.connect(BaseSSLSocketImpl.java:173)
[error] 	at java.base/sun.net.NetworkClient.doConnect(NetworkClient.java:182)
[error] 	at java.base/sun.net.www.http.HttpClient.openServer(HttpClient.java:474)
[error] 	at java.base/sun.net.www.http.HttpClient.openServer(HttpClient.java:569)
[error] 	at java.base/sun.net.www.protocol.https.HttpsClient.<init>(HttpsClient.java:265)
[error] 	at java.base/sun.net.www.protocol.https.HttpsClient.New(HttpsClient.java:372)
[error] 	at java.base/sun.net.www.protocol.https.AbstractDelegateHttpsURLConnection.getNewHttpClient(AbstractDelegateHttpsURLConnection.java:191)
[error] 	at java.base/sun.net.www.protocol.http.HttpURLConnection.plainConnect0(HttpURLConnection.java:1187)
[error] 	at java.base/sun.net.www.protocol.http.HttpURLConnection$6.run(HttpURLConnection.java:1071)
[error] 	at java.base/sun.net.www.protocol.http.HttpURLConnection$6.run(HttpURLConnection.java:1069)
[error] 	at java.base/java.security.AccessController.doPrivileged(Native Method)
[error] 	at java.base/java.security.AccessController.doPrivilegedWithCombiner(AccessController.java:795)
[error] 	at java.base/sun.net.www.protocol.http.HttpURLConnection.plainConnect(HttpURLConnection.java:1068)
[error] 	at java.base/sun.net.www.protocol.https.AbstractDelegateHttpsURLConnection.connect(AbstractDelegateHttpsURLConnection.java:177)
[error] 	at java.base/sun.net.www.protocol.http.HttpURLConnection.getInputStream0(HttpURLConnection.java:1592)
[error] 	at java.base/sun.net.www.protocol.http.HttpURLConnection$9.run(HttpURLConnection.java:1512)
[error] 	at java.base/sun.net.www.protocol.http.HttpURLConnection$9.run(HttpURLConnection.java:1510)
[error] 	at java.base/java.security.AccessController.doPrivileged(Native Method)
[error] 	at java.base/java.security.AccessController.doPrivilegedWithCombiner(AccessController.java:795)
[error] 	at java.base/sun.net.www.protocol.http.HttpURLConnection.getInputStream(HttpURLConnection.java:1509)
[error] 	at java.base/java.net.HttpURLConnection.getResponseCode(HttpURLConnection.java:527)
[error] 	at java.base/sun.net.www.protocol.https.HttpsURLConnectionImpl.getResponseCode(HttpsURLConnectionImpl.java:334)
[error] 	at lmcoursier.internal.shaded.coursier.cache.CacheUrl$.redirectTo(CacheUrl.scala:153)
[error] 	at lmcoursier.internal.shaded.coursier.cache.CacheUrl$.redirect(CacheUrl.scala:163)
[error] 	at lmcoursier.internal.shaded.coursier.cache.CacheUrl$.urlConnectionMaybePartial(CacheUrl.scala:310)
[error] 	at lmcoursier.internal.shaded.coursier.cache.ConnectionBuilder.connectionMaybePartial(ConnectionBuilder.scala:45)
[error] 	at lmcoursier.internal.shaded.coursier.cache.ConnectionBuilder.connection(ConnectionBuilder.scala:25)
[error] 	at lmcoursier.internal.shaded.coursier.cache.CacheUrl$.urlConnection(CacheUrl.scala:233)
[error] 	at lmcoursier.internal.shaded.coursier.cache.FileCache$.coursier$cache$FileCache$$contentLength(FileCache.scala:1060)
[error] 	at lmcoursier.internal.shaded.coursier.cache.FileCache.progress$1(FileCache.scala:443)
[error] 	at lmcoursier.internal.shaded.coursier.cache.FileCache.checkDownload$1(FileCache.scala:496)
[error] 	at lmcoursier.internal.shaded.coursier.cache.FileCache.$anonfun$download$56(FileCache.scala:509)
[error] 	at lmcoursier.internal.shaded.coursier.cache.CacheLocks$.loop$1(CacheLocks.scala:83)
[error] 	at lmcoursier.internal.shaded.coursier.cache.CacheLocks$.withLockOr(CacheLocks.scala:98)
[error] 	at lmcoursier.internal.shaded.coursier.cache.FileCache.$anonfun$download$33(FileCache.scala:509)
[error] 	at scala.concurrent.Future$.$anonfun$apply$1(Future.scala:659)
[error] 	at scala.util.Success.$anonfun$map$1(Try.scala:255)
[error] 	at scala.util.Success.map(Try.scala:213)
[error] 	at scala.concurrent.Future.$anonfun$map$1(Future.scala:292)
[error] 	at scala.concurrent.impl.Promise.liftedTree1$1(Promise.scala:33)
[error] 	at scala.concurrent.impl.Promise.$anonfun$transform$1(Promise.scala:33)
[error] 	at scala.concurrent.impl.CallbackRunnable.run(Promise.scala:64)
[error] 	at java.base/java.util.concurrent.ThreadPoolExecutor.runWorker(ThreadPoolExecutor.java:1128)
[error] 	at java.base/java.util.concurrent.ThreadPoolExecutor$Worker.run(ThreadPoolExecutor.java:628)
[error] 	at java.base/java.lang.Thread.run(Thread.java:834)
[debug] jsonRpcNotify: JsonRpcNotificationMessage(2.0, build/logMessage, {"type":1,"message":"java.net.SocketException: Network is unreachable (connect failed)\n\tat java.base/java.net.PlainSocketImpl.socketConnect(Native Method)\n\tat java.base/java.net.AbstractPlainSocketImpl.doConnect(AbstractPlainSocketImpl.java:399)\n\tat java.base/java.net.AbstractPlainSocketImpl.connectToAddress(AbstractPlainSocketImpl.java:242)\n\tat java.base/java.net.AbstractPlainSocketImpl.connect(AbstractPlainSocketImpl.java:224)\n\tat java.base/java.net.SocksSocketImpl.connect(SocksSocketImpl.java:403)\n\tat java.base/java.net.Socket.connect(Socket.java:609)\n\tat java.base/sun.security.ssl.SSLSocketImpl.connect(SSLSocketImpl.java:289)\n\tat java.base/sun.security.ssl.BaseSSLSocketImpl.connect(BaseSSLSocketImpl.java:173)\n\tat java.base/sun.net.NetworkClient.doConnect(NetworkClient.java:182)\n\tat java.base/sun.net.www.http.HttpClient.openServer(HttpClient.java:474)\n\tat java.base/sun.net.www.http.HttpClient.openServer(HttpClient.java:569)\n\tat java.base/sun.net.www.protocol.https.HttpsClient.<init>(HttpsClient.java:265)\n\tat java.base/sun.net.www.protocol.https.HttpsClient.New(HttpsClient.java:372)\n\tat java.base/sun.net.www.protocol.https.AbstractDelegateHttpsURLConnection.getNewHttpClient(AbstractDelegateHttpsURLConnection.java:191)\n\tat java.base/sun.net.www.protocol.http.HttpURLConnection.plainConnect0(HttpURLConnection.java:1187)\n\tat java.base/sun.net.www.protocol.http.HttpURLConnection$6.run(HttpURLConnection.java:1071)\n\tat java.base/sun.net.www.protocol.http.HttpURLConnection$6.run(HttpURLConnection.java:1069)\n\tat java.base/java.security.AccessController.doPrivileged(Native Method)\n\tat java.base/java.security.AccessController.doPrivilegedWithCombiner(AccessController.java:795)\n\tat java.base/sun.net.www.protocol.http.HttpURLConnection.plainConnect(HttpURLConnection.java:1068)\n\tat java.base/sun.net.www.protocol.https.AbstractDelegateHttpsURLConnection.connect(AbstractDelegateHttpsURLConnection.java:177)\n\tat java.base/sun.net.www.protocol.http.HttpURLConnection.getInputStream0(HttpURLConnection.java:1592)\n\tat java.base/sun.net.www.protocol.http.HttpURLConnection$9.run(HttpURLConnection.java:1512)\n\tat java.base/sun.net.www.protocol.http.HttpURLConnection$9.run(HttpURLConnection.java:1510)\n\tat java.base/java.security.AccessController.doPrivileged(Native Method)\n\tat java.base/java.security.AccessController.doPrivilegedWithCombiner(AccessController.java:795)\n\tat java.base/sun.net.www.protocol.http.HttpURLConnection.getInputStream(HttpURLConnection.java:1509)\n\tat java.base/java.net.HttpURLConnection.getResponseCode(HttpURLConnection.java:527)\n\tat java.base/sun.net.www.protocol.https.HttpsURLConnectionImpl.getResponseCode(HttpsURLConnectionImpl.java:334)\n\tat lmcoursier.internal.shaded.coursier.cache.CacheUrl$.redirectTo(CacheUrl.scala:153)\n\tat lmcoursier.internal.shaded.coursier.cache.CacheUrl$.redirect(CacheUrl.scala:163)\n\tat lmcoursier.internal.shaded.coursier.cache.CacheUrl$.urlConnectionMaybePartial(CacheUrl.scala:310)\n\tat lmcoursier.internal.shaded.coursier.cache.ConnectionBuilder.connectionMaybePartial(ConnectionBuilder.scala:45)\n\tat lmcoursier.internal.shaded.coursier.cache.ConnectionBuilder.connection(ConnectionBuilder.scala:25)\n\tat lmcoursier.internal.shaded.coursier.cache.CacheUrl$.urlConnection(CacheUrl.scala:233)\n\tat lmcoursier.internal.shaded.coursier.cache.FileCache$.coursier$cache$FileCache$$contentLength(FileCache.scala:1060)\n\tat lmcoursier.internal.shaded.coursier.cache.FileCache.progress$1(FileCache.scala:443)\n\tat lmcoursier.internal.shaded.coursier.cache.FileCache.checkDownload$1(FileCache.scala:496)\n\tat lmcoursier.internal.shaded.coursier.cache.FileCache.$anonfun$download$56(FileCache.scala:509)\n\tat lmcoursier.internal.shaded.coursier.cache.CacheLocks$.loop$1(CacheLocks.scala:83)\n\tat lmcoursier.internal.shaded.coursier.cache.CacheLocks$.withLockOr(CacheLocks.scala:98)\n\tat lmcoursier.internal.shaded.coursier.cache.FileCache.$anonfun$download$33(FileCache.scala:509)\n\tat scala.concurrent.Future$.$anonfun$apply$1(Future.scala:659)\n\tat scala.util.Success.$anonfun$map$1(Try.scala:255)\n\tat scala.util.Success.map(Try.scala:213)\n\tat scala.concurrent.Future.$anonfun$map$1(Future.scala:292)\n\tat scala.concurrent.impl.Promise.liftedTree1$1(Promise.scala:33)\n\tat scala.concurrent.impl.Promise.$anonfun$transform$1(Promise.scala:33)\n\tat scala.concurrent.impl.CallbackRunnable.run(Promise.scala:64)\n\tat java.base/java.util.concurrent.ThreadPoolExecutor.runWorker(ThreadPoolExecutor.java:1128)\n\tat java.base/java.util.concurrent.ThreadPoolExecutor$Worker.run(ThreadPoolExecutor.java:628)\n\tat java.base/java.lang.Thread.run(Thread.java:834)"})
[error] (updateClassifiers) java.net.SocketException: Network is unreachable (connect failed)
[debug] jsonRpcNotify: JsonRpcNotificationMessage(2.0, build/logMessage, {"type":1,"message":"(updateClassifiers) java.net.SocketException: Network is unreachable (connect failed)"})
[error] Total time: 1 s, completed Dec 19, 2020, 7:47:09 PM
[debug] > Exec(resumeFromFailure, None, None)
[debug] > Exec(sbtPopOnFailure, None, None)
[debug] > Exec(sbtReportResult 5, Some(5), Some(CommandSource(network-11)))
[debug] jsonRpcNotify: JsonRpcNotificationMessage(2.0, build/logMessage, {"type":4,"message":"Processing"})
[debug] > Exec(shell, None, None)
[debug] Unhandled notification received: build/exit: JsonRpcNotificationMessage(2.0, build/exit, null)
