[0m[[0m[0mdebug[0m] [0m[0m> Exec(early(addDefaultCommands), None, None)[0m[0J
[0m[[0m[0mdebug[0m] [0m[0m> Exec(addDefaultCommands, None, None)[0m[0J
[0m[[0m[0mdebug[0m] [0m[0m> Exec(early(initialize), None, None)[0m[0J
[0m[[0m[0mdebug[0m] [0m[0m> Exec(initialize, None, None)[0m[0J
[0m[[0m[0mdebug[0m] [0m[0m> Exec(boot, None, None)[0m[0J
[0m[[0m[0mdebug[0m] [0m[0m> Exec(writeSbtVersion, None, None)[0m[0J
[0m[[0m[0mdebug[0m] [0m[0m> Exec(reload, None, None)[0m[0J
[0m[[0m[0mdebug[0m] [0m[0m> Exec(sbtStashOnFailure, None, None)[0m[0J
[0m[[0m[0mdebug[0m] [0m[0m> Exec(onFailure loadFailed, None, None)[0m[0J
[0m[[0m[0mdebug[0m] [0m[0m> Exec(loadp, None, None)[0m[0J
[0m[[0m[0minfo[0m] [0m[0mwelcome to sbt 1.4.1 (Ubuntu Java 11.0.9.1)[0m[0J
[0m[[0m[0mdebug[0m] [0m[0mLoad.defaultLoad until apply took 1082.192399ms[0m[0J
[0m[[0m[0mdebug[0m] [0m[0m                Load.loadUnit: plugins took 273.096887ms[0m[0J
[0m[[0m[0mdebug[0m] [0m[0m                Load.loadUnit: defsScala took 0.561994ms[0m[0J
[0m[[0m[0mdebug[0m] [0m[0m[Loading] Scanning directory /home/vitalis/type_directedPR/project/project[0m[0J
[0m[[0m[0mdebug[0m] [0m[0m                  Load.loadUnit: mkEval took 53.731603ms[0m[0J
[0m[[0m[0mdebug[0m] [0m[0m[Loading] Found non-root projects [0m[0J
[0m[[0m[0mdebug[0m] [0m[0m[Loading] Done in /home/vitalis/type_directedPR/project/project, returning: ()[0m[0J
[0m[[0m[0mdebug[0m] [0m[0mdeducing auto plugins based on known facts Set(Atom(sbt.plugins.CorePlugin)) and clauses Clauses(List(Clause(Atom(sbt.plugins.JvmPlugin),Set(Atom(sbt.plugins.IvyPlugin))), Clause(Atom(sbt.ScriptedPlugin),Set(Atom(sbt.plugins.JvmPlugin))), Clause(Atom(sbt.plugins.SbtPlugin),Set(Atom(sbt.ScriptedPlugin))), Clause(Atom(sbt.plugins.SemanticdbPlugin),Set(Atom(sbt.plugins.JvmPlugin))), Clause(Atom(sbt.plugins.JUnitXmlReportPlugin),Set(Atom(sbt.plugins.JvmPlugin))), Clause(Atom(sbt.plugins.MiniDependencyTreePlugin),Set(Atom(sbt.plugins.JvmPlugin))), Clause(Atom(sbt.plugins.CorePlugin),Set(Atom(sbt.plugins.IvyPlugin))), Clause(Atom(sbt.plugins.IvyPlugin),Set(Atom(sbt.plugins.JvmPlugin))), Clause(Atom(sbt.plugins.JvmPlugin),Set(Atom(sbt.plugins.SemanticdbPlugin))), Clause(Atom(sbt.plugins.JvmPlugin),Set(Atom(sbt.plugins.JUnitXmlReportPlugin))), Clause(Atom(sbt.plugins.CorePlugin),Set(Atom(sbt.plugins.Giter8TemplatePlugin))), Clause(Atom(sbt.plugins.JvmPlugin),Set(Atom(sbt.plugins.MiniDependencyTreePlugin)))))[0m[0J
[0m[[0m[0mdebug[0m] [0m[0m  :: deduced result: Matched(sbt.plugins.CorePlugin,sbt.plugins.Giter8TemplatePlugin,sbt.plugins.IvyPlugin,sbt.plugins.JvmPlugin,sbt.plugins.MiniDependencyTreePlugin,sbt.plugins.JUnitXmlReportPlugin,sbt.plugins.SemanticdbPlugin)[0m[0J
[0m[[0m[0mdebug[0m] [0m[0mPlugins.deducer#function took 40.503969 ms[0m[0J
[0m[[0m[0minfo[0m] [0m[0mloading settings for project type_directedpr-build-build from metals.sbt ...[0m[0J
[0m[[0m[0mdebug[0m] [0m[0m                    Load.resolveProject(type_directedpr-build-build) took 85.147395ms[0m[0J
[0m[[0m[0mdebug[0m] [0m[0m                  Load.loadTransitive: finalizeProject(Project(id type_directedpr-build-build, base: /home/vitalis/type_directedPR/project/project, plugins: List(<none>))) took 167.588715ms[0m[0J
[0m[[0m[0mdebug[0m] [0m[0m[Loading] Done in /home/vitalis/type_directedPR/project/project, returning: (type_directedpr-build-build)[0m[0J
[0m[[0m[0mdebug[0m] [0m[0m                Load.loadUnit: loadedProjectsRaw took 649.705492ms[0m[0J
[0m[[0m[0mdebug[0m] [0m[0m                Load.loadUnit: cleanEvalClasses took 11.334668ms[0m[0J
[0m[[0m[0mdebug[0m] [0m[0m              Load.loadUnit(file:/home/vitalis/type_directedPR/project/project/, ...) took 944.424837ms[0m[0J
[0m[[0m[0mdebug[0m] [0m[0m            Load.apply: load took 1172.650005ms[0m[0J
[0m[[0m[0mdebug[0m] [0m[0m            Load.apply: resolveProjects took 10.417311ms[0m[0J
[0m[[0m[0mdebug[0m] [0m[0m            Load.apply: finalTransforms took 107.725014ms[0m[0J
[0m[[0m[0mdebug[0m] [0m[0m            Load.apply: config.delegates took 23.767318ms[0m[0J
[0m[[0m[0mdebug[0m] [0m[0m            Load.apply: Def.make(settings)... took 1100.348007ms[0m[0J
[0m[[0m[0mdebug[0m] [0m[0m            Load.apply: structureIndex took 231.346041ms[0m[0J
[0m[[0m[0mdebug[0m] [0m[0m            Load.apply: mkStreams took 2.910125ms[0m[0J
[0m[[0m[0minfo[0m] [0m[0mloading project definition from /home/vitalis/type_directedPR/project/project[0m[0J
[0m[[0m[0mdebug[0m] [0m[0mRunning task... Cancel: Signal, check cycles: false, forcegc: true[0m[0J
[0m[[0m[0mdebug[0m] [0m[0m          Load.loadUnit: plugins took 4893.116967ms[0m[0J
[0m[[0m[0mdebug[0m] [0m[0m          Load.loadUnit: defsScala took 0.008396ms[0m[0J
[0m[[0m[0mdebug[0m] [0m[0m[Loading] Scanning directory /home/vitalis/type_directedPR/project[0m[0J
[0m[[0m[0mdebug[0m] [0m[0m            Load.loadUnit: mkEval took 1.504157ms[0m[0J
[0m[[0m[0mdebug[0m] [0m[0m[Loading] Found non-root projects [0m[0J
[0m[[0m[0mdebug[0m] [0m[0m[Loading] Done in /home/vitalis/type_directedPR/project, returning: ()[0m[0J
[0m[[0m[0mdebug[0m] [0m[0mdeducing auto plugins based on known facts Set(Atom(sbt.plugins.CorePlugin)) and clauses Clauses(List(Clause(Atom(sbt.plugins.JvmPlugin),Set(Atom(sbt.plugins.IvyPlugin))), Clause(Atom(sbt.ScriptedPlugin),Set(Atom(sbt.plugins.JvmPlugin))), Clause(Atom(sbt.plugins.SbtPlugin),Set(Atom(sbt.ScriptedPlugin))), Clause(Atom(sbt.plugins.SemanticdbPlugin),Set(Atom(sbt.plugins.JvmPlugin))), Clause(Atom(sbt.plugins.JUnitXmlReportPlugin),Set(Atom(sbt.plugins.JvmPlugin))), Clause(Atom(sbt.plugins.MiniDependencyTreePlugin),Set(Atom(sbt.plugins.JvmPlugin))), Clause(Atom(bloop.integrations.sbt.BloopPlugin),Set(Atom(sbt.plugins.JvmPlugin))), Clause(Atom(sbt.plugins.CorePlugin),Set(Atom(sbt.plugins.IvyPlugin))), Clause(Atom(sbt.plugins.IvyPlugin),Set(Atom(sbt.plugins.JvmPlugin))), Clause(Atom(sbt.plugins.JvmPlugin),Set(Atom(sbt.plugins.SemanticdbPlugin))), Clause(Atom(sbt.plugins.JvmPlugin),Set(Atom(sbt.plugins.JUnitXmlReportPlugin))), Clause(Atom(sbt.plugins.CorePlugin),Set(Atom(sbt.plugins.Giter8TemplatePlugin))), Clause(Atom(sbt.plugins.JvmPlugin),Set(Atom(sbt.plugins.MiniDependencyTreePlugin))), Clause(Atom(sbt.plugins.JvmPlugin),Set(Atom(bloop.integrations.sbt.BloopPlugin)))))[0m[0J
[0m[[0m[0mdebug[0m] [0m[0m  :: deduced result: Matched(sbt.plugins.CorePlugin,sbt.plugins.Giter8TemplatePlugin,sbt.plugins.IvyPlugin,sbt.plugins.JvmPlugin,bloop.integrations.sbt.BloopPlugin,sbt.plugins.MiniDependencyTreePlugin,sbt.plugins.JUnitXmlReportPlugin,sbt.plugins.SemanticdbPlugin)[0m[0J
[0m[[0m[0mdebug[0m] [0m[0mPlugins.deducer#function took 3.176374 ms[0m[0J
[0m[[0m[0minfo[0m] [0m[0mloading settings for project type_directedpr-build from metals.sbt ...[0m[0J
[0m[[0m[0mdebug[0m] [0m[0m              Load.resolveProject(type_directedpr-build) took 55.993372ms[0m[0J
[0m[[0m[0mdebug[0m] [0m[0m            Load.loadTransitive: finalizeProject(Project(id type_directedpr-build, base: /home/vitalis/type_directedPR/project, plugins: List(<none>))) took 60.216814ms[0m[0J
[0m[[0m[0mdebug[0m] [0m[0m[Loading] Done in /home/vitalis/type_directedPR/project, returning: (type_directedpr-build)[0m[0J
[0m[[0m[0mdebug[0m] [0m[0m          Load.loadUnit: loadedProjectsRaw took 81.305823ms[0m[0J
[0m[[0m[0mdebug[0m] [0m[0m          Load.loadUnit: cleanEvalClasses took 0.744788ms[0m[0J
[0m[[0m[0mdebug[0m] [0m[0m        Load.loadUnit(file:/home/vitalis/type_directedPR/project/, ...) took 4976.219441ms[0m[0J
[0m[[0m[0mdebug[0m] [0m[0m      Load.apply: load took 4978.491637ms[0m[0J
[0m[[0m[0mdebug[0m] [0m[0m      Load.apply: resolveProjects took 0.187276ms[0m[0J
[0m[[0m[0mdebug[0m] [0m[0m      Load.apply: finalTransforms took 34.072102ms[0m[0J
[0m[[0m[0mdebug[0m] [0m[0m      Load.apply: config.delegates took 0.635997ms[0m[0J
[0m[[0m[0mdebug[0m] [0m[0m      Load.apply: Def.make(settings)... took 281.707673ms[0m[0J
[0m[[0m[0mdebug[0m] [0m[0m      Load.apply: structureIndex took 66.423546ms[0m[0J
[0m[[0m[0mdebug[0m] [0m[0m      Load.apply: mkStreams took 0.003416ms[0m[0J
[0m[[0m[0minfo[0m] [0m[0mloading project definition from /home/vitalis/type_directedPR/project[0m[0J
[0m[[0m[0mdebug[0m] [0m[0mEvaluating tasks: bloopInstall[0m[0J
[0m[[0m[0mdebug[0m] [0m[0mRunning task... Cancel: bloop.integrations.sbt.Offloader$$anon$1@10f405ff, check cycles: false, forcegc: true[0m[0J
[0m[[0m[32msuccess[0m] [0m[0mGenerated .bloop/type_directedpr-build.json[0m[0J
[0m[[0m[32msuccess[0m] [0m[0mTotal time: 1 s, completed Feb 5, 2021, 12:48:55 PM[0m[0J
[0m[[0m[0mdebug[0m] [0m[0mRunning task... Cancel: bloop.integrations.sbt.Offloader$$anon$1@7b9e25bd, check cycles: false, forcegc: true[0m[0J
[0m[[0m[0mdebug[0m] [0m[0m    Load.loadUnit: plugins took 6643.67461ms[0m[0J
[0m[[0m[0mdebug[0m] [0m[0m    Load.loadUnit: defsScala took 0.006613ms[0m[0J
[0m[[0m[0mdebug[0m] [0m[0m[Loading] Scanning directory /home/vitalis/type_directedPR[0m[0J
[0m[[0m[0mdebug[0m] [0m[0m      Load.loadUnit: mkEval took 0.31245ms[0m[0J
[0m[[0m[31merror[0m] [0m[0mType error in expression[0m[0J
[0m[[0m[0mdebug[0m] [0m[0m> Exec(loadFailed, None, None)[0m[0J
[0m[[0m[33mwarn[0m] [0m[0mProject loading failed: (r)etry, (q)uit, (l)ast, or (i)gnore? (default: r)[0m[0J
[0m[[0m[33mwarn[0m] [0m[0mProject loading failed: (r)etry, (q)uit, (l)ast, or (i)gnore? (default: r)[0m[0J
